<?xml version="1.0" encoding="UTF-8"?>
<!-- Generated by org.testng.reporters.JUnitReportReporter -->
<testsuite hostname="Gokhul" failures="0" tests="1" name="final_assmnt_mvn.mvn_project_final.SeleniumTestSample" time="8.400" errors="0" timestamp="2024-04-12T18:43:43 IST" skipped="0">
  <testcase classname="final_assmnt_mvn.mvn_project_final.SeleniumTestSample" name="googleSearchTest" time="8.400"/>
</testsuite> <!-- final_assmnt_mvn.mvn_project_final.SeleniumTestSample -->
