<?xml version="1.0" encoding="UTF-8"?>
<!-- Generated by org.testng.reporters.JUnitReportReporter -->
<testsuite hostname="Gokhul" failures="0" tests="1" name="final_assmnt_mvn.mvn_project_final.AppTest" time="0.002" errors="0" timestamp="2024-04-12T18:45:31 IST" skipped="0">
  <testcase classname="final_assmnt_mvn.mvn_project_final.AppTest" name="testApp" time="0.002"/>
</testsuite> <!-- final_assmnt_mvn.mvn_project_final.AppTest -->
